0 info it worked if it ends with ok
1 verbose cli [
1 verbose cli   'C:\\Program Files\\nodejs\\node.exe',
1 verbose cli   'C:\\Users\\jfgs2\\AppData\\Roaming\\npm\\node_modules\\npm\\bin\\npm-cli.js',
1 verbose cli   'start'
1 verbose cli ]
2 info using npm@3.10.10
3 info using node@v12.14.1
4 verbose run-script [ 'prestart', 'start', 'poststart' ]
5 info lifecycle bloglistnode@1.0.0~prestart: bloglistnode@1.0.0
6 silly lifecycle bloglistnode@1.0.0~prestart: no script for prestart, continuing
7 info lifecycle bloglistnode@1.0.0~start: bloglistnode@1.0.0
8 verbose lifecycle bloglistnode@1.0.0~start: unsafe-perm in lifecycle true
9 verbose lifecycle bloglistnode@1.0.0~start: PATH: C:\Users\jfgs2\AppData\Roaming\npm\node_modules\npm\bin\node-gyp-bin;C:\Users\jfgs2\Documents\JavaScript_programs\MicroBlogs\blog-backend\node_modules\.bin;C:\Users\jfgs2\Documents\JavaScript_programs\MicroBlogs\blog-backend\node_modules\.bin;C:\WINDOWS\system32;C:\WINDOWS;C:\WINDOWS\System32\Wbem;C:\WINDOWS\System32\WindowsPowerShell\v1.0\;C:\WINDOWS\System32\OpenSSH\;C:\Program Files (x86)\PuTTY\;C:\Program Files\MATLAB\R2019a\bin;C:\Program Files\nodejs\;C:\ProgramData\chocolatey\bin;C:\Program Files\Git\cmd;C:\WinAVR-20100110\bin;C:\WinAVR-20100110\utils\bin;C:\MinGW\bin;C:\Users\jfgs2\Downloads\dfu;C:\Program Files\jdk-15.0.2\bin;C:\Program Files\apache-maven-3.6.3\bin;C:\Users\jfgs2\AppData\Roaming\local\bin;C:\Users\jfgs2\AppData\Local\Programs\Python\Python37-32\Scripts\;C:\Users\jfgs2\AppData\Local\Programs\Python\Python37-32\;C:\Users\jfgs2\AppData\Local\Microsoft\WindowsApps;"C:\MinGW\bin;";"C:\MinGW\msys\1.0\bin;C:\Program Files\Java\jdk-13\bin;C:\Program Files\JetBrains\IntelliJ IDEA 2019.2.3\bin;C:\Users\jfgs2\AppData\Roaming\npm;C:\Users\jfgs2\AppData\Local\Programs\MiKTeX 2.9\miktex\bin\x64\;C:\Program Files\heroku\bin;C:\Users\jfgs2\AppData\Roaming\cabal\bin;C:\ProgramData\chocolatey\lib\ghc\tools\ghc-8.10.2\bin;C:\tools\msys64;C:\Users\jfgs2\AppData\Local\atom\bin;C:\Users\jfgs2\AppData\Local\Programs\Microsoft VS Code\bin;C:\Users\jfgs2\AppData\Local\Microsoft\WindowsApps;
10 verbose lifecycle bloglistnode@1.0.0~start: CWD: C:\Users\jfgs2\Documents\JavaScript_programs\MicroBlogs\blog-backend
11 silly lifecycle bloglistnode@1.0.0~start: Args: [ '/d /s /c', 'cross-env NODE_ENV=production node index.js' ]
12 silly lifecycle bloglistnode@1.0.0~start: Returned: code: 3221225786  signal: null
13 info lifecycle bloglistnode@1.0.0~start: Failed to exec start script
14 verbose stack Error: bloglistnode@1.0.0 start: `cross-env NODE_ENV=production node index.js`
14 verbose stack Exit status 3221225786
14 verbose stack     at EventEmitter.<anonymous> (C:\Users\jfgs2\AppData\Roaming\npm\node_modules\npm\lib\utils\lifecycle.js:255:16)
14 verbose stack     at EventEmitter.emit (events.js:223:5)
14 verbose stack     at ChildProcess.<anonymous> (C:\Users\jfgs2\AppData\Roaming\npm\node_modules\npm\lib\utils\spawn.js:40:14)
14 verbose stack     at ChildProcess.emit (events.js:223:5)
14 verbose stack     at maybeClose (internal/child_process.js:1021:16)
14 verbose stack     at Process.ChildProcess._handle.onexit (internal/child_process.js:283:5)
15 verbose pkgid bloglistnode@1.0.0
16 verbose cwd C:\Users\jfgs2\Documents\JavaScript_programs\MicroBlogs\blog-backend
17 error Windows_NT 10.0.19042
18 error argv "C:\\Program Files\\nodejs\\node.exe" "C:\\Users\\jfgs2\\AppData\\Roaming\\npm\\node_modules\\npm\\bin\\npm-cli.js" "start"
19 error node v12.14.1
20 error npm  v3.10.10
21 error code ELIFECYCLE
22 error bloglistnode@1.0.0 start: `cross-env NODE_ENV=production node index.js`
22 error Exit status 3221225786
23 error Failed at the bloglistnode@1.0.0 start script 'cross-env NODE_ENV=production node index.js'.
23 error Make sure you have the latest version of node.js and npm installed.
23 error If you do, this is most likely a problem with the bloglistnode package,
23 error not with npm itself.
23 error Tell the author that this fails on your system:
23 error     cross-env NODE_ENV=production node index.js
23 error You can get information on how to open an issue for this project with:
23 error     npm bugs bloglistnode
23 error Or if that isn't available, you can get their info via:
23 error     npm owner ls bloglistnode
23 error There is likely additional logging output above.
24 verbose exit [ 1, true ]
